Running: C:\Xilinx\14.7\ISE_DS\ISE\bin\nt64\unwrapped\fuse.exe -intstyle ise -incremental -lib secureip -o C:/Xilinx/Memorias/TB_ALU8bits_isim_beh.exe -prj C:/Xilinx/Memorias/TB_ALU8bits_beh.prj work.TB_ALU8bits 
ISim P.20131013 (signature 0x7708f090)
Number of CPUs detected in this system: 4
Turning on mult-threading, number of parallel sub-compilation jobs: 8 
Determining compilation order of HDL files
Parsing VHDL file "C:/Xilinx/Memorias/ALU_8bits.vhd" into library work
Parsing VHDL file "C:/Xilinx/Memorias/TB_ALU8bits.vhd" into library work
Starting static elaboration
Completed static elaboration
Compiling package standard
Compiling package std_logic_1164
Compiling package numeric_std
Compiling architecture arq_alu8 of entity ALU_8bits [alu_8bits_default]
Compiling architecture arq_alu8 of entity tb_alu8bits
Time Resolution for simulation is 1ps.
Waiting for 1 sub-compilation(s) to finish...
Compiled 6 VHDL Units
Built simulation executable C:/Xilinx/Memorias/TB_ALU8bits_isim_beh.exe
Fuse Memory Usage: 35728 KB
Fuse CPU Usage: 640 ms
