Release 14.7 - xst P.20131013 (nt64)
Copyright (c) 1995-2013 Xilinx, Inc.  All rights reserved.
--> Parameter TMPDIR set to xst/projnav.tmp


Total REAL time to Xst completion: 1.00 secs
Total CPU time to Xst completion: 0.17 secs
 
--> Parameter xsthdpdir set to xst


Total REAL time to Xst completion: 1.00 secs
Total CPU time to Xst completion: 0.17 secs
 
--> Reading design: Memoria_RAM.prj

TABLE OF CONTENTS
  1) Synthesis Options Summary
  2) HDL Parsing
  3) HDL Elaboration
  4) HDL Synthesis
       4.1) HDL Synthesis Report
  5) Advanced HDL Synthesis
       5.1) Advanced HDL Synthesis Report
  6) Low Level Synthesis
  7) Partition Report
  8) Design Summary
       8.1) Primitive and Black Box Usage
       8.2) Device utilization summary
       8.3) Partition Resource Summary
       8.4) Timing Report
            8.4.1) Clock Information
            8.4.2) Asynchronous Control Signals Information
            8.4.3) Timing Summary
            8.4.4) Timing Details
            8.4.5) Cross Clock Domains Report


=========================================================================
*                      Synthesis Options Summary                        *
=========================================================================
---- Source Parameters
Input File Name                    : "Memoria_RAM.prj"
Ignore Synthesis Constraint File   : NO

---- Target Parameters
Output File Name                   : "Memoria_RAM"
Output Format                      : NGC
Target Device                      : xc7a100t-3-csg324

---- Source Options
Top Module Name                    : Memoria_RAM
Automatic FSM Extraction           : YES
FSM Encoding Algorithm             : Auto
Safe Implementation                : No
FSM Style                          : LUT
RAM Extraction                     : Yes
RAM Style                          : Auto
ROM Extraction                     : Yes
Shift Register Extraction          : YES
ROM Style                          : Auto
Resource Sharing                   : YES
Asynchronous To Synchronous        : NO
Shift Register Minimum Size        : 2
Use DSP Block                      : Auto
Automatic Register Balancing       : No

---- Target Options
LUT Combining                      : Auto
Reduce Control Sets                : Auto
Add IO Buffers                     : YES
Global Maximum Fanout              : 100000
Add Generic Clock Buffer(BUFG)     : 32
Register Duplication               : YES
Optimize Instantiated Primitives   : NO
Use Clock Enable                   : Auto
Use Synchronous Set                : Auto
Use Synchronous Reset              : Auto
Pack IO Registers into IOBs        : Auto
Equivalent register Removal        : YES

---- General Options
Optimization Goal                  : Speed
Optimization Effort                : 1
Power Reduction                    : NO
Keep Hierarchy                     : No
Netlist Hierarchy                  : As_Optimized
RTL Output                         : Yes
Global Optimization                : AllClockNets
Read Cores                         : YES
Write Timing Constraints           : NO
Cross Clock Analysis               : NO
Hierarchy Separator                : /
Bus Delimiter                      : <>
Case Specifier                     : Maintain
Slice Utilization Ratio            : 100
BRAM Utilization Ratio             : 100
DSP48 Utilization Ratio            : 100
Auto BRAM Packing                  : NO
Slice Utilization Ratio Delta      : 5

=========================================================================


=========================================================================
*                          HDL Parsing                                  *
=========================================================================
Parsing VHDL file "C:\Xilinx\Memorias\Memoria_RAM.vhd" into library work
Parsing entity <Memoria_RAM>.
Parsing architecture <arq_RAM> of entity <memoria_ram>.

=========================================================================
*                            HDL Elaboration                            *
=========================================================================

Elaborating entity <Memoria_RAM> (architecture <arq_RAM>) from library <work>.
WARNING:HDLCompiler:92 - "C:\Xilinx\Memorias\Memoria_RAM.vhd" Line 20: ce should be on the sensitivity list of the process

=========================================================================
*                           HDL Synthesis                               *
=========================================================================

Synthesizing Unit <Memoria_RAM>.
    Related source file is "C:\Xilinx\Memorias\Memoria_RAM.vhd".
WARNING:Xst:647 - Input <OE> is never used. This port will be preserved and left unconnected if it belongs to a top-level block or it belongs to a sub-block and the hierarchy of this sub-block is preserved.
    Found 2-bit register for signal <datoSalida>.
    Found 2-bit register for signal <signalDatos_ff_0>.
    Found 2-bit register for signal <signalDatos_ff_1>.
    Found 2-bit register for signal <signalDatos_ff_2>.
    Found 2-bit register for signal <signalDatos_ff_3>.
    Found 2-bit 4-to-1 multiplexer for signal <direccion[1]_read_port_1_OUT> created at line 0.
    Summary:
	inferred  10 D-type flip-flop(s).
	inferred   2 Multiplexer(s).
Unit <Memoria_RAM> synthesized.

=========================================================================
HDL Synthesis Report

Macro Statistics
# Registers                                            : 5
 2-bit register                                        : 5
# Multiplexers                                         : 2
 1-bit 2-to-1 multiplexer                              : 1
 2-bit 4-to-1 multiplexer                              : 1

=========================================================================

=========================================================================
*                       Advanced HDL Synthesis                          *
=========================================================================


=========================================================================
Advanced HDL Synthesis Report

Macro Statistics
# Registers                                            : 10
 Flip-Flops                                            : 10
# Multiplexers                                         : 2
 1-bit 2-to-1 multiplexer                              : 1
 2-bit 4-to-1 multiplexer                              : 1

=========================================================================

=========================================================================
*                         Low Level Synthesis                           *
=========================================================================

Optimizing unit <Memoria_RAM> ...

Mapping all equations...
Building and optimizing final netlist ...
Found area constraint ratio of 100 (+ 5) on block Memoria_RAM, actual ratio is 0.

Final Macro Processing ...

=========================================================================
Final Register Report

Macro Statistics
# Registers                                            : 10
 Flip-Flops                                            : 10

=========================================================================

=========================================================================
*                           Partition Report                            *
=========================================================================

Partition Implementation Status
-------------------------------

  No Partitions were found in this design.

-------------------------------

=========================================================================
*                            Design Summary                             *
=========================================================================

Top Level Output File Name         : Memoria_RAM.ngc

Primitive and Black Box Usage:
------------------------------
# BELS                             : 7
#      LUT2                        : 1
#      LUT4                        : 4
#      LUT6                        : 2
# FlipFlops/Latches                : 10
#      FDE                         : 10
# Clock Buffers                    : 1
#      BUFGP                       : 1
# IO Buffers                       : 8
#      IBUF                        : 6
#      OBUF                        : 2

Device utilization summary:
---------------------------

Selected Device : 7a100tcsg324-3 


Slice Logic Utilization: 
 Number of Slice Registers:              10  out of  126800     0%  
 Number of Slice LUTs:                    7  out of  63400     0%  
    Number used as Logic:                 7  out of  63400     0%  

Slice Logic Distribution: 
 Number of LUT Flip Flop pairs used:     13
   Number with an unused Flip Flop:       3  out of     13    23%  
   Number with an unused LUT:             6  out of     13    46%  
   Number of fully used LUT-FF pairs:     4  out of     13    30%  
   Number of unique control sets:         5

IO Utilization: 
 Number of IOs:                          10
 Number of bonded IOBs:                   9  out of    210     4%  

Specific Feature Utilization:
 Number of BUFG/BUFGCTRLs:                1  out of     32     3%  

---------------------------
Partition Resource Summary:
---------------------------

  No Partitions were found in this design.

---------------------------


=========================================================================
Timing Report

NOTE: THESE TIMING NUMBERS ARE ONLY A SYNTHESIS ESTIMATE.
      FOR ACCURATE TIMING INFORMATION PLEASE REFER TO THE TRACE REPORT
      GENERATED AFTER PLACE-and-ROUTE.

Clock Information:
------------------
-----------------------------------+------------------------+-------+
Clock Signal                       | Clock buffer(FF name)  | Load  |
-----------------------------------+------------------------+-------+
clk                                | BUFGP                  | 10    |
-----------------------------------+------------------------+-------+

Asynchronous Control Signals Information:
----------------------------------------
No asynchronous control signals found in this design

Timing Summary:
---------------
Speed Grade: -3

   Minimum period: 1.022ns (Maximum Frequency: 978.186MHz)
   Minimum input arrival time before clock: 1.056ns
   Maximum output required time after clock: 0.640ns
   Maximum combinational path delay: No path found

Timing Details:
---------------
All values displayed in nanoseconds (ns)

=========================================================================
Timing constraint: Default period analysis for Clock 'clk'
  Clock period: 1.022ns (frequency: 978.186MHz)
  Total number of paths / destination ports: 8 / 2
-------------------------------------------------------------------------
Delay:               1.022ns (Levels of Logic = 1)
  Source:            _o16_0 (FF)
  Destination:       datoSalida_0 (FF)
  Source Clock:      clk rising
  Destination Clock: clk rising

  Data Path: _o16_0 to datoSalida_0
                                Gate     Net
    Cell:in->out      fanout   Delay   Delay  Logical Name (Net Name)
    ----------------------------------------  ------------
     FDE:C->Q              1   0.361   0.556  _o16_0 (_o16_0)
     LUT6:I2->O            1   0.097   0.000  Mmux_direccion[1]_read_port_1_OUT11 (direccion[1]_read_port_1_OUT<0>)
     FDE:D                     0.008          datoSalida_0
    ----------------------------------------
    Total                      1.022ns (0.466ns logic, 0.556ns route)
                                       (45.6% logic, 54.4% route)

=========================================================================
Timing constraint: Default OFFSET IN BEFORE for Clock 'clk'
  Total number of paths / destination ports: 48 / 20
-------------------------------------------------------------------------
Offset:              1.056ns (Levels of Logic = 2)
  Source:            direccion<0> (PAD)
  Destination:       _o14_0 (FF)
  Destination Clock: clk rising

  Data Path: direccion<0> to _o14_0
                                Gate     Net
    Cell:in->out      fanout   Delay   Delay  Logical Name (Net Name)
    ----------------------------------------  ------------
     IBUF:I->O             6   0.001   0.579  direccion_0_IBUF (direccion_0_IBUF)
     LUT4:I0->O            2   0.097   0.283  _n001811 (_n0018)
     FDE:CE                    0.095          _o20_0
    ----------------------------------------
    Total                      1.056ns (0.193ns logic, 0.863ns route)
                                       (18.3% logic, 81.7% route)

=========================================================================
Timing constraint: Default OFFSET OUT AFTER for Clock 'clk'
  Total number of paths / destination ports: 2 / 2
-------------------------------------------------------------------------
Offset:              0.640ns (Levels of Logic = 1)
  Source:            datoSalida_1 (FF)
  Destination:       datoSalida<1> (PAD)
  Source Clock:      clk rising

  Data Path: datoSalida_1 to datoSalida<1>
                                Gate     Net
    Cell:in->out      fanout   Delay   Delay  Logical Name (Net Name)
    ----------------------------------------  ------------
     FDE:C->Q              1   0.361   0.279  datoSalida_1 (datoSalida_1)
     OBUF:I->O                 0.000          datoSalida_1_OBUF (datoSalida<1>)
    ----------------------------------------
    Total                      0.640ns (0.361ns logic, 0.279ns route)
                                       (56.4% logic, 43.6% route)

=========================================================================

Cross Clock Domains Report:
--------------------------

Clock to Setup on destination clock clk
---------------+---------+---------+---------+---------+
               | Src:Rise| Src:Fall| Src:Rise| Src:Fall|
Source Clock   |Dest:Rise|Dest:Rise|Dest:Fall|Dest:Fall|
---------------+---------+---------+---------+---------+
clk            |    1.022|         |         |         |
---------------+---------+---------+---------+---------+

=========================================================================


Total REAL time to Xst completion: 19.00 secs
Total CPU time to Xst completion: 18.18 secs
 
--> 

Total memory usage is 4616436 kilobytes

Number of errors   :    0 (   0 filtered)
Number of warnings :    2 (   0 filtered)
Number of infos    :    0 (   0 filtered)

